[15:52:55] [ServerMain/INFO]: [bootstrap] Running Java 21 (OpenJDK 64-Bit Server VM 21.0.8+9-Ubuntu-0ubuntu124.04.1; Ubuntu null) on Linux 6.8.0-1030-azure (amd64)
[15:52:55] [ServerMain/INFO]: [bootstrap] Loading Paper 1.21.6-48-main@4d854e6 (2025-06-30T09:48:37Z) for Minecraft 1.21.6
[15:52:55] [ServerMain/INFO]: [PluginInitializerManager] Initializing plugins...
[15:52:55] [ServerMain/INFO]: [PluginInitializerManager] Initialized 0 plugins
[15:53:00] [ServerMain/INFO]: Environment: Environment[sessionHost=https://sessionserver.mojang.com, servicesHost=https://api.minecraftservices.com, name=PROD]
[15:53:02] [ServerMain/INFO]: Loaded 1407 recipes
[15:53:02] [ServerMain/INFO]: Loaded 1520 advancements
[15:53:02] [ServerMain/INFO]: [ca.spottedleaf.dataconverter.minecraft.datatypes.MCTypeRegistry] Initialising converters for DataConverter...
[15:53:03] [ServerMain/INFO]: [ca.spottedleaf.dataconverter.minecraft.datatypes.MCTypeRegistry] Finished initialising converters for DataConverter in 397.4ms
[15:53:03] [Server thread/INFO]: Starting minecraft server version 1.21.6
[15:53:03] [Server thread/INFO]: Loading properties
[15:53:03] [Server thread/INFO]: This server is running Paper version 1.21.6-48-main@4d854e6 (2025-06-30T09:48:37Z) (Implementing API version 1.21.6-R0.1-SNAPSHOT)
[15:53:03] [Server thread/INFO]: [spark] This server bundles the spark profiler. For more information please visit https://docs.papermc.io/paper/profiling
[15:53:03] [Server thread/INFO]: Server Ping Player Sample Count: 12
[15:53:03] [Server thread/INFO]: Using 4 threads for Netty based IO
[15:53:04] [Server thread/INFO]: [MoonriseCommon] Paper is using 1 worker threads, 1 I/O threads
[15:53:04] [Server thread/INFO]: [ChunkTaskScheduler] Chunk system is using population gen parallelism: true
[15:53:04] [Server thread/INFO]: Default game type: SURVIVAL
[15:53:04] [Server thread/INFO]: Generating keypair
[15:53:04] [Server thread/INFO]: Starting Minecraft server on *:25565
[15:53:04] [Server thread/INFO]: Using epoll channel type
[15:53:04] [Server thread/INFO]: Paper: Using libdeflate (Linux x86_64) compression from Velocity.
[15:53:04] [Server thread/INFO]: Paper: Using OpenSSL 3.x.x (Linux x86_64) cipher from Velocity.
[15:53:04] [Server thread/INFO]: Server permissions file permissions.yml is empty, ignoring it
[15:53:04] [Server thread/WARN]: **** SERVER IS RUNNING IN OFFLINE/INSECURE MODE!
[15:53:04] [Server thread/WARN]: The server will make no attempt to authenticate usernames. Beware.
[15:53:04] [Server thread/WARN]: While this makes the game possible to play without internet access, it also opens up the ability for hackers to connect with any username they choose.
[15:53:04] [Server thread/WARN]: To change this, set "online-mode" to "true" in the server.properties file.
[15:53:04] [Server thread/INFO]: Preparing level "world"
[15:53:05] [Server thread/INFO]: Preparing start region for dimension minecraft:overworld
[15:53:05] [Server thread/INFO]: Preparing spawn area: 0%
[15:53:05] [Server thread/INFO]: Preparing spawn area: 6%
[15:53:06] [Server thread/INFO]: Time elapsed: 963 ms
[15:53:06] [Server thread/INFO]: Preparing start region for dimension minecraft:the_nether
[15:53:06] [Server thread/INFO]: Preparing spawn area: 0%
[15:53:06] [Server thread/INFO]: Time elapsed: 205 ms
[15:53:06] [Server thread/INFO]: Preparing start region for dimension minecraft:the_end
[15:53:06] [Server thread/INFO]: Preparing spawn area: 0%
[15:53:06] [Server thread/INFO]: Time elapsed: 123 ms
[15:53:06] [Server thread/INFO]: [spark] Starting background profiler...
[15:53:07] [Server thread/INFO]: Done preparing level "world" (2.304s)
[15:53:07] [Server thread/INFO]: Running delayed init tasks
[15:53:07] [Server thread/INFO]: Done (12.785s)! For help, type "help"
[15:53:11] [Server thread/INFO]: TPS from last 1m, 5m, 15m: 20.0, 20.0, 20.0
[15:54:00] [Server thread/INFO]: Stopping the server
[15:54:00] [Server thread/INFO]: Stopping server
[15:54:00] [Server thread/INFO]: Saving players
[15:54:00] [Server thread/INFO]: Saving worlds
[15:54:00] [Server thread/INFO]: Saving chunks for level 'ServerLevel[world]'/minecraft:overworld
[15:54:00] [Server thread/INFO]: [ChunkHolderManager] Waiting 60s for chunk system to halt for world 'world'
[15:54:00] [Server thread/INFO]: [ChunkHolderManager] Halted chunk system for world 'world'
[15:54:00] [Server thread/INFO]: [ChunkHolderManager] Saving all chunkholders for world 'world'
[15:54:01] [Server thread/INFO]: [ChunkHolderManager] Saved 49 block chunks, 49 entity chunks, 0 poi chunks in world 'world' in 0.41s
[15:54:01] [Server thread/INFO]: [ChunkHolderManager] Waiting 60s for chunk I/O to halt for world 'world'
[15:54:01] [Server thread/INFO]: [ChunkHolderManager] Halted I/O scheduler for world 'world'
[15:54:01] [Server thread/INFO]: Saving chunks for level 'ServerLevel[world_nether]'/minecraft:the_nether
[15:54:01] [Server thread/INFO]: [ChunkHolderManager] Waiting 60s for chunk system to halt for world 'world_nether'
[15:54:01] [Server thread/INFO]: [ChunkHolderManager] Halted chunk system for world 'world_nether'
[15:54:01] [Server thread/INFO]: [ChunkHolderManager] Saving all chunkholders for world 'world_nether'
[15:54:01] [Server thread/INFO]: [ChunkHolderManager] Saved 49 block chunks, 49 entity chunks, 0 poi chunks in world 'world_nether' in 0.15s
[15:54:01] [Server thread/INFO]: [ChunkHolderManager] Waiting 60s for chunk I/O to halt for world 'world_nether'
[15:54:01] [Server thread/INFO]: [ChunkHolderManager] Halted I/O scheduler for world 'world_nether'
[15:54:01] [Server thread/INFO]: Saving chunks for level 'ServerLevel[world_the_end]'/minecraft:the_end
[15:54:01] [Server thread/INFO]: [ChunkHolderManager] Waiting 60s for chunk system to halt for world 'world_the_end'
[15:54:01] [Server thread/INFO]: [ChunkHolderManager] Halted chunk system for world 'world_the_end'
[15:54:01] [Server thread/INFO]: [ChunkHolderManager] Saving all chunkholders for world 'world_the_end'
[15:54:01] [Server thread/INFO]: [ChunkHolderManager] Saved 49 block chunks, 49 entity chunks, 0 poi chunks in world 'world_the_end' in 0.06s
[15:54:01] [Server thread/INFO]: [ChunkHolderManager] Waiting 60s for chunk I/O to halt for world 'world_the_end'
[15:54:01] [Server thread/INFO]: [ChunkHolderManager] Halted I/O scheduler for world 'world_the_end'
[15:54:01] [Server thread/INFO]: ThreadedAnvilChunkStorage (world): All chunks are saved
[15:54:01] [Server thread/INFO]: ThreadedAnvilChunkStorage (DIM-1): All chunks are saved
[15:54:01] [Server thread/INFO]: ThreadedAnvilChunkStorage (DIM1): All chunks are saved
[15:54:01] [Server thread/INFO]: ThreadedAnvilChunkStorage: All dimensions are saved
[15:54:01] [Server thread/INFO]: Waiting for all RegionFile I/O tasks to complete...
[15:54:01] [Server thread/INFO]: All RegionFile I/O tasks to complete
[15:54:01] [Server thread/INFO]: [MoonriseCommon] Awaiting termination of worker pool for up to 60s...
[15:54:01] [Server thread/INFO]: [MoonriseCommon] Awaiting termination of I/O pool for up to 60s...
